<?xml version="1.0" encoding="UTF-8"?>
<!-- Generated by org.testng.reporters.JUnitXMLReporter -->
<testsuite hostname="DESKTOP-665U6I0" ignored="3" name="Test" tests="1" failures="0" timestamp="30 Jun 2018 03:27:47 GMT" time="18.799" errors="0">
  <testcase name="afterlogin" time="12.613" classname="testng.Home"/>
  <testcase name="beforelogin" time="0.0" classname="testng.OnlineBanking">
    <ignored/>
  </testcase> <!-- beforelogin -->
  <testcase name="afterlogin" time="0.0" classname="testng.OnlineBanking">
    <ignored/>
  </testcase> <!-- afterlogin -->
  <testcase name="beforelogin" time="0.0" classname="testng.Home">
    <ignored/>
  </testcase> <!-- beforelogin -->
</testsuite> <!-- Test -->
