<?xml version="1.0" encoding="UTF-8"?>
<testng-results skipped="0" failed="0" ignored="0" total="1" passed="1">
  <reporter-output>
  </reporter-output>
  <suite name="Default suite" duration-ms="16677" started-at="2018-07-04T14:22:23Z" finished-at="2018-07-04T14:22:40Z">
    <groups>
    </groups>
    <test name="Default test" duration-ms="16677" started-at="2018-07-04T14:22:23Z" finished-at="2018-07-04T14:22:40Z">
      <class name="selenium_grid_demo.Grid_demo1">
        <test-method status="PASS" signature="setUp()[pri:0, instance:selenium_grid_demo.Grid_demo1@11161c7]" name="setUp" is-config="true" duration-ms="3615" started-at="2018-07-04T14:22:23Z" finished-at="2018-07-04T14:22:27Z">
          <reporter-output>
          </reporter-output>
        </test-method> <!-- setUp -->
        <test-method status="PASS" signature="sampleTest()[pri:0, instance:selenium_grid_demo.Grid_demo1@11161c7]" name="sampleTest" duration-ms="12886" started-at="2018-07-04T14:22:27Z" finished-at="2018-07-04T14:22:40Z">
          <reporter-output>
          </reporter-output>
        </test-method> <!-- sampleTest -->
        <test-method status="PASS" signature="afterTest()[pri:0, instance:selenium_grid_demo.Grid_demo1@11161c7]" name="afterTest" is-config="true" duration-ms="125" started-at="2018-07-04T14:22:40Z" finished-at="2018-07-04T14:22:40Z">
          <reporter-output>
          </reporter-output>
        </test-method> <!-- afterTest -->
      </class> <!-- selenium_grid_demo.Grid_demo1 -->
    </test> <!-- Default test -->
  </suite> <!-- Default suite -->
</testng-results>
